---------------------------------------
Begin Slurm Prolog: Apr-27-2025 08:10:26
Job ID:    2540199
User ID:   ryoshida7
Account:   coc
Job name:  256M-instruct-comp-ti-21-2
Partition: coc-gpu
QOS:       coc-ice
---------------------------------------
No label_names provided for model class `PeftModelForCausalLM`. Since `PeftModel` hides base models input arguments, if label_names is not given, label_names can't be set automatically within `Trainer`. Note that empty label_names list will be used instead.
r 512
lora_alpha 256
lora_dropout 0.1
target_modules ['q_proj', 'k_proj', 'v_proj', 'o_proj']
  0%|          | 0/147 [00:00<?, ?it/s]`use_cache=True` is incompatible with gradient checkpointing. Setting `use_cache=False`...
The input hidden states seems to be silently casted in float32, this might be related to the fact you have upcasted embedding or layer norm layers in float32. We will cast back the input in torch.bfloat16.
  1%|          | 1/147 [00:10<24:24, 10.03s/it]  1%|▏         | 2/147 [00:18<21:31,  8.91s/it]  2%|▏         | 3/147 [00:26<20:25,  8.51s/it]  3%|▎         | 4/147 [00:34<20:04,  8.42s/it]  3%|▎         | 5/147 [00:42<19:49,  8.38s/it]  4%|▍         | 6/147 [00:51<19:38,  8.36s/it]  5%|▍         | 7/147 [00:59<19:25,  8.33s/it]  5%|▌         | 8/147 [01:07<19:08,  8.26s/it]  6%|▌         | 9/147 [01:15<19:00,  8.27s/it]  7%|▋         | 10/147 [01:24<18:57,  8.30s/it]  7%|▋         | 11/147 [01:32<18:38,  8.22s/it]  8%|▊         | 12/147 [01:40<18:43,  8.32s/it]  9%|▉         | 13/147 [01:49<18:43,  8.38s/it] 10%|▉         | 14/147 [01:57<18:27,  8.32s/it] 10%|█         | 15/147 [02:05<18:13,  8.28s/it] 11%|█         | 16/147 [02:13<18:01,  8.26s/it] 12%|█▏        | 17/147 [02:22<17:55,  8.28s/it] 12%|█▏        | 18/147 [02:30<17:57,  8.35s/it] 13%|█▎        | 19/147 [02:39<17:56,  8.41s/it] 14%|█▎        | 20/147 [02:47<17:49,  8.42s/it] 14%|█▍        | 21/147 [02:55<17:29,  8.33s/it] 15%|█▍        | 22/147 [03:04<17:22,  8.34s/it] 16%|█▌        | 23/147 [03:12<17:15,  8.35s/it] 16%|█▋        | 24/147 [03:20<17:02,  8.31s/it] 17%|█▋        | 25/147 [03:28<16:49,  8.27s/it]                                                 17%|█▋        | 25/147 [03:28<16:49,  8.27s/it] 18%|█▊        | 26/147 [03:37<16:43,  8.29s/it] 18%|█▊        | 27/147 [03:45<16:31,  8.26s/it] 19%|█▉        | 28/147 [03:54<16:34,  8.35s/it] 20%|█▉        | 29/147 [04:02<16:29,  8.39s/it] 20%|██        | 30/147 [04:10<16:13,  8.32s/it] 21%|██        | 31/147 [04:18<15:58,  8.26s/it] 22%|██▏       | 32/147 [04:27<15:56,  8.32s/it] 22%|██▏       | 33/147 [04:35<15:44,  8.28s/it] 23%|██▎       | 34/147 [04:43<15:43,  8.35s/it] 24%|██▍       | 35/147 [04:52<15:38,  8.38s/it] 24%|██▍       | 36/147 [05:00<15:26,  8.35s/it] 25%|██▌       | 37/147 [05:09<15:19,  8.36s/it] 26%|██▌       | 38/147 [05:17<15:08,  8.34s/it] 27%|██▋       | 39/147 [05:25<15:05,  8.39s/it] 27%|██▋       | 40/147 [05:34<14:54,  8.36s/it] 28%|██▊       | 41/147 [05:42<14:55,  8.44s/it] 29%|██▊       | 42/147 [05:51<14:43,  8.41s/it] 29%|██▉       | 43/147 [05:59<14:31,  8.38s/it] 30%|██▉       | 44/147 [06:07<14:19,  8.34s/it] 31%|███       | 45/147 [06:16<14:17,  8.41s/it] 31%|███▏      | 46/147 [06:24<14:06,  8.38s/it] 32%|███▏      | 47/147 [06:32<14:00,  8.40s/it] 33%|███▎      | 48/147 [06:41<14:01,  8.50s/it] 33%|███▎      | 49/147 [06:48<13:15,  8.11s/it]{'loss': 2.2654, 'grad_norm': 0.9019206762313843, 'learning_rate': 9.885734329855798e-05, 'num_tokens': 402507.0, 'mean_token_accuracy': 0.5726941165328026, 'epoch': 0.51}

  0%|          | 0/25 [00:00<?, ?it/s][A
  8%|▊         | 2/25 [00:02<00:30,  1.34s/it][A
 12%|█▏        | 3/25 [00:05<00:40,  1.86s/it][A
 16%|█▌        | 4/25 [00:08<00:47,  2.26s/it][A
 20%|██        | 5/25 [00:10<00:47,  2.38s/it][A
 24%|██▍       | 6/25 [00:13<00:47,  2.50s/it][A
 28%|██▊       | 7/25 [00:16<00:45,  2.55s/it][A
 32%|███▏      | 8/25 [00:18<00:43,  2.55s/it][A
 36%|███▌      | 9/25 [00:21<00:40,  2.56s/it][A
 40%|████      | 10/25 [00:24<00:39,  2.62s/it][A
 44%|████▍     | 11/25 [00:26<00:37,  2.64s/it][A
 48%|████▊     | 12/25 [00:29<00:34,  2.63s/it][A
 52%|█████▏    | 13/25 [00:31<00:31,  2.62s/it][A
 56%|█████▌    | 14/25 [00:34<00:28,  2.61s/it][A
 60%|██████    | 15/25 [00:37<00:26,  2.61s/it][A
 64%|██████▍   | 16/25 [00:39<00:23,  2.61s/it][A
 68%|██████▊   | 17/25 [00:42<00:21,  2.65s/it][A
 72%|███████▏  | 18/25 [00:45<00:18,  2.71s/it][A
 76%|███████▌  | 19/25 [00:48<00:16,  2.69s/it][A
 80%|████████  | 20/25 [00:50<00:13,  2.70s/it][A
 84%|████████▍ | 21/25 [00:53<00:10,  2.68s/it][A
 88%|████████▊ | 22/25 [00:56<00:08,  2.67s/it][A
 92%|█████████▏| 23/25 [00:58<00:05,  2.64s/it][A
 96%|█████████▌| 24/25 [01:00<00:02,  2.33s/it][A
100%|██████████| 25/25 [01:00<00:00,  1.72s/it][A                                                
                                               [A 33%|███▎      | 49/147 [07:54<13:15,  8.11s/it]
100%|██████████| 25/25 [01:00<00:00,  1.72s/it][A
                                               [A 34%|███▍      | 50/147 [08:04<45:39, 28.24s/it]                                                 34%|███▍      | 50/147 [08:04<45:39, 28.24s/it] 35%|███▍      | 51/147 [08:12<35:40, 22.30s/it] 35%|███▌      | 52/147 [08:20<28:33, 18.04s/it] 36%|███▌      | 53/147 [08:29<23:45, 15.16s/it] 37%|███▋      | 54/147 [08:37<20:23, 13.16s/it] 37%|███▋      | 55/147 [08:45<17:54, 11.68s/it] 38%|███▊      | 56/147 [08:54<16:18, 10.76s/it] 39%|███▉      | 57/147 [09:02<15:03, 10.04s/it] 39%|███▉      | 58/147 [09:11<14:18,  9.64s/it] 40%|████      | 59/147 [09:19<13:27,  9.17s/it] 41%|████      | 60/147 [09:28<12:58,  8.95s/it] 41%|████▏     | 61/147 [09:36<12:33,  8.76s/it] 42%|████▏     | 62/147 [09:44<12:15,  8.66s/it] 43%|████▎     | 63/147 [09:53<11:59,  8.56s/it] 44%|████▎     | 64/147 [10:01<11:54,  8.61s/it] 44%|████▍     | 65/147 [10:10<11:41,  8.56s/it] 45%|████▍     | 66/147 [10:18<11:25,  8.46s/it] 46%|████▌     | 67/147 [10:26<11:16,  8.45s/it] 46%|████▋     | 68/147 [10:35<11:02,  8.39s/it] 47%|████▋     | 69/147 [10:43<10:55,  8.40s/it] 48%|████▊     | 70/147 [10:52<10:47,  8.41s/it] 48%|████▊     | 71/147 [11:00<10:37,  8.39s/it] 49%|████▉     | 72/147 [11:08<10:30,  8.41s/it] 50%|████▉     | 73/147 [11:17<10:22,  8.41s/it] 50%|█████     | 74/147 [11:25<10:12,  8.39s/it] 51%|█████     | 75/147 [11:34<10:05,  8.41s/it]                                                 51%|█████     | 75/147 [11:34<10:05,  8.41s/it] 52%|█████▏    | 76/147 [11:42<09:57,  8.42s/it] 52%|█████▏    | 77/147 [11:50<09:49,  8.42s/it] 53%|█████▎    | 78/147 [11:59<09:37,  8.37s/it] 54%|█████▎    | 79/147 [12:07<09:25,  8.32s/it] 54%|█████▍    | 80/147 [12:15<09:18,  8.33s/it] 55%|█████▌    | 81/147 [12:24<09:11,  8.36s/it] 56%|█████▌    | 82/147 [12:32<09:00,  8.31s/it] 56%|█████▋    | 83/147 [12:40<08:52,  8.32s/it] 57%|█████▋    | 84/147 [12:48<08:42,  8.29s/it] 58%|█████▊    | 85/147 [12:57<08:31,  8.25s/it] 59%|█████▊    | 86/147 [13:05<08:20,  8.21s/it] 59%|█████▉    | 87/147 [13:13<08:14,  8.24s/it] 60%|█████▉    | 88/147 [13:21<08:08,  8.28s/it] 61%|██████    | 89/147 [13:30<08:01,  8.31s/it] 61%|██████    | 90/147 [13:39<08:03,  8.49s/it] 62%|██████▏   | 91/147 [13:47<07:54,  8.47s/it] 63%|██████▎   | 92/147 [13:55<07:45,  8.46s/it] 63%|██████▎   | 93/147 [14:04<07:35,  8.43s/it] 64%|██████▍   | 94/147 [14:12<07:27,  8.44s/it] 65%|██████▍   | 95/147 [14:21<07:18,  8.43s/it] 65%|██████▌   | 96/147 [14:29<07:09,  8.42s/it] 66%|██████▌   | 97/147 [14:37<06:58,  8.37s/it] 67%|██████▋   | 98/147 [14:45<06:33,  8.04s/it]{'eval_loss': 0.345364511013031, 'eval_runtime': 65.3032, 'eval_samples_per_second': 3.001, 'eval_steps_per_second': 0.383, 'eval_num_tokens': 790263.0, 'eval_mean_token_accuracy': 0.9424342679977417, 'epoch': 1.0}
{'loss': 0.4326, 'grad_norm': 0.23904158174991608, 'learning_rate': 8.450395057410561e-05, 'num_tokens': 806179.0, 'mean_token_accuracy': 0.9289928108453751, 'epoch': 1.02}
{'loss': 0.3234, 'grad_norm': 0.18403193354606628, 'learning_rate': 5.829150026271871e-05, 'num_tokens': 1211058.0, 'mean_token_accuracy': 0.9437316119670868, 'epoch': 1.53}

  0%|          | 0/25 [00:00<?, ?it/s][A
  8%|▊         | 2/25 [00:02<00:31,  1.35s/it][A
 12%|█▏        | 3/25 [00:05<00:40,  1.86s/it][A
 16%|█▌        | 4/25 [00:08<00:46,  2.22s/it][A
 20%|██        | 5/25 [00:10<00:47,  2.36s/it][A
 24%|██▍       | 6/25 [00:13<00:47,  2.48s/it][A
 28%|██▊       | 7/25 [00:16<00:45,  2.54s/it][A
 32%|███▏      | 8/25 [00:18<00:43,  2.55s/it][A
 36%|███▌      | 9/25 [00:21<00:40,  2.56s/it][A
 40%|████      | 10/25 [00:24<00:39,  2.62s/it][A
 44%|████▍     | 11/25 [00:26<00:36,  2.64s/it][A
 48%|████▊     | 12/25 [00:29<00:34,  2.64s/it][A
 52%|█████▏    | 13/25 [00:31<00:31,  2.62s/it][A
 56%|█████▌    | 14/25 [00:34<00:28,  2.60s/it][A
 60%|██████    | 15/25 [00:37<00:26,  2.62s/it][A
 64%|██████▍   | 16/25 [00:39<00:23,  2.62s/it][A
 68%|██████▊   | 17/25 [00:42<00:21,  2.66s/it][A
 72%|███████▏  | 18/25 [00:45<00:19,  2.72s/it][A
 76%|███████▌  | 19/25 [00:48<00:16,  2.70s/it][A
 80%|████████  | 20/25 [00:50<00:13,  2.71s/it][A
 84%|████████▍ | 21/25 [00:53<00:10,  2.69s/it][A
 88%|████████▊ | 22/25 [00:56<00:08,  2.68s/it][A
 92%|█████████▏| 23/25 [00:58<00:05,  2.65s/it][A
 96%|█████████▌| 24/25 [01:00<00:02,  2.33s/it][A
100%|██████████| 25/25 [01:00<00:00,  1.72s/it][A                                                
                                               [A 67%|██████▋   | 98/147 [15:50<06:33,  8.04s/it]
100%|██████████| 25/25 [01:00<00:00,  1.72s/it][A
                                               [A 67%|██████▋   | 99/147 [16:00<22:33, 28.20s/it] 68%|██████▊   | 100/147 [16:08<17:22, 22.17s/it]                                                  68%|██████▊   | 100/147 [16:08<17:22, 22.17s/it] 69%|██████▊   | 101/147 [16:16<13:47, 18.00s/it] 69%|██████▉   | 102/147 [16:25<11:19, 15.11s/it] 70%|███████   | 103/147 [16:33<09:34, 13.06s/it] 71%|███████   | 104/147 [16:41<08:21, 11.66s/it] 71%|███████▏  | 105/147 [16:50<07:27, 10.66s/it] 72%|███████▏  | 106/147 [16:58<06:49,  9.98s/it] 73%|███████▎  | 107/147 [17:06<06:19,  9.50s/it] 73%|███████▎  | 108/147 [17:15<05:55,  9.12s/it] 74%|███████▍  | 109/147 [17:23<05:41,  8.98s/it] 75%|███████▍  | 110/147 [17:32<05:25,  8.79s/it] 76%|███████▌  | 111/147 [17:40<05:10,  8.63s/it] 76%|███████▌  | 112/147 [17:48<05:00,  8.59s/it] 77%|███████▋  | 113/147 [17:57<04:48,  8.48s/it] 78%|███████▊  | 114/147 [18:05<04:40,  8.49s/it] 78%|███████▊  | 115/147 [18:14<04:31,  8.49s/it] 79%|███████▉  | 116/147 [18:22<04:22,  8.48s/it] 80%|███████▉  | 117/147 [18:30<04:13,  8.44s/it] 80%|████████  | 118/147 [18:39<04:02,  8.36s/it] 81%|████████  | 119/147 [18:47<03:54,  8.37s/it] 82%|████████▏ | 120/147 [18:55<03:45,  8.37s/it] 82%|████████▏ | 121/147 [19:04<03:36,  8.34s/it] 83%|████████▎ | 122/147 [19:12<03:30,  8.43s/it] 84%|████████▎ | 123/147 [19:21<03:21,  8.42s/it] 84%|████████▍ | 124/147 [19:29<03:14,  8.44s/it] 85%|████████▌ | 125/147 [19:37<03:04,  8.40s/it]                                                  85%|████████▌ | 125/147 [19:37<03:04,  8.40s/it] 86%|████████▌ | 126/147 [19:46<02:58,  8.48s/it] 86%|████████▋ | 127/147 [19:54<02:48,  8.42s/it] 87%|████████▋ | 128/147 [20:03<02:41,  8.49s/it] 88%|████████▊ | 129/147 [20:11<02:31,  8.41s/it] 88%|████████▊ | 130/147 [20:20<02:22,  8.39s/it] 89%|████████▉ | 131/147 [20:28<02:13,  8.37s/it] 90%|████████▉ | 132/147 [20:36<02:05,  8.38s/it] 90%|█████████ | 133/147 [20:45<01:56,  8.32s/it] 91%|█████████ | 134/147 [20:53<01:47,  8.30s/it] 92%|█████████▏| 135/147 [21:01<01:40,  8.36s/it] 93%|█████████▎| 136/147 [21:10<01:32,  8.39s/it] 93%|█████████▎| 137/147 [21:18<01:23,  8.36s/it] 94%|█████████▍| 138/147 [21:26<01:15,  8.39s/it] 95%|█████████▍| 139/147 [21:35<01:07,  8.40s/it] 95%|█████████▌| 140/147 [21:43<00:58,  8.42s/it] 96%|█████████▌| 141/147 [21:52<00:50,  8.46s/it] 97%|█████████▋| 142/147 [22:00<00:42,  8.44s/it] 97%|█████████▋| 143/147 [22:09<00:33,  8.39s/it] 98%|█████████▊| 144/147 [22:17<00:25,  8.43s/it] 99%|█████████▊| 145/147 [22:25<00:16,  8.38s/it] 99%|█████████▉| 146/147 [22:34<00:08,  8.44s/it]100%|██████████| 147/147 [22:41<00:00,  8.13s/it]{'eval_loss': 0.3124206066131592, 'eval_runtime': 65.2124, 'eval_samples_per_second': 3.006, 'eval_steps_per_second': 0.383, 'eval_num_tokens': 1580526.0, 'eval_mean_token_accuracy': 0.9465830183029175, 'epoch': 2.0}
{'loss': 0.3024, 'grad_norm': 0.15836045145988464, 'learning_rate': 2.9229249349905684e-05, 'num_tokens': 1612624.0, 'mean_token_accuracy': 0.9465611428022385, 'epoch': 2.04}
{'loss': 0.2881, 'grad_norm': 0.19121704995632172, 'learning_rate': 7.305935398942598e-06, 'num_tokens': 2015349.0, 'mean_token_accuracy': 0.9491060674190521, 'epoch': 2.55}

  0%|          | 0/25 [00:00<?, ?it/s][A
  8%|▊         | 2/25 [00:02<00:31,  1.35s/it][A
 12%|█▏        | 3/25 [00:05<00:40,  1.86s/it][A
 16%|█▌        | 4/25 [00:08<00:46,  2.21s/it][A
 20%|██        | 5/25 [00:10<00:47,  2.36s/it][A
 24%|██▍       | 6/25 [00:13<00:47,  2.48s/it][A
 28%|██▊       | 7/25 [00:16<00:45,  2.54s/it][A
 32%|███▏      | 8/25 [00:18<00:43,  2.55s/it][A
 36%|███▌      | 9/25 [00:21<00:41,  2.56s/it][A
 40%|████      | 10/25 [00:24<00:39,  2.63s/it][A
 44%|████▍     | 11/25 [00:26<00:37,  2.65s/it][A
 48%|████▊     | 12/25 [00:29<00:34,  2.64s/it][A
 52%|█████▏    | 13/25 [00:31<00:31,  2.63s/it][A
 56%|█████▌    | 14/25 [00:34<00:28,  2.61s/it][A
 60%|██████    | 15/25 [00:37<00:26,  2.62s/it][A
 64%|██████▍   | 16/25 [00:39<00:23,  2.63s/it][A
 68%|██████▊   | 17/25 [00:42<00:21,  2.67s/it][A
 72%|███████▏  | 18/25 [00:45<00:19,  2.73s/it][A
 76%|███████▌  | 19/25 [00:48<00:16,  2.71s/it][A
 80%|████████  | 20/25 [00:50<00:13,  2.72s/it][A
 84%|████████▍ | 21/25 [00:53<00:10,  2.70s/it][A
 88%|████████▊ | 22/25 [00:56<00:08,  2.69s/it][A
 92%|█████████▏| 23/25 [00:58<00:05,  2.66s/it][A
 96%|█████████▌| 24/25 [01:00<00:02,  2.34s/it][A
100%|██████████| 25/25 [01:00<00:00,  1.73s/it][A                                                 
                                               [A100%|██████████| 147/147 [23:47<00:00,  8.13s/it]
100%|██████████| 25/25 [01:00<00:00,  1.73s/it][A
                                               [A                                                 100%|██████████| 147/147 [23:47<00:00,  8.13s/it]100%|██████████| 147/147 [23:47<00:00,  9.71s/it]
{'eval_loss': 0.30939480662345886, 'eval_runtime': 65.3465, 'eval_samples_per_second': 2.999, 'eval_steps_per_second': 0.383, 'eval_num_tokens': 2370789.0, 'eval_mean_token_accuracy': 0.9463224029541015, 'epoch': 3.0}
{'train_runtime': 1427.9675, 'train_samples_per_second': 1.647, 'train_steps_per_second': 0.103, 'train_loss': 0.6577921335389014, 'num_tokens': 2370789.0, 'mean_token_accuracy': 0.9477663656527345, 'epoch': 3.0}
***** train metrics *****
  total_flos               =  4383724GF
  train_loss               =     0.6578
  train_runtime            = 0:23:47.96
  train_samples_per_second =      1.647
  train_steps_per_second   =      0.103
config_file for training: config/config-256M-21.yaml
Training time: 23.8024165670077
log_history
[{'loss': 2.2654, 'grad_norm': 0.9019206762313843, 'learning_rate': 9.885734329855798e-05, 'num_tokens': 402507.0, 'mean_token_accuracy': 0.5726941165328026, 'epoch': 0.5102040816326531, 'step': 25}, {'eval_loss': 0.345364511013031, 'eval_runtime': 65.3032, 'eval_samples_per_second': 3.001, 'eval_steps_per_second': 0.383, 'eval_num_tokens': 790263.0, 'eval_mean_token_accuracy': 0.9424342679977417, 'epoch': 1.0, 'step': 49}, {'loss': 0.4326, 'grad_norm': 0.23904158174991608, 'learning_rate': 8.450395057410561e-05, 'num_tokens': 806179.0, 'mean_token_accuracy': 0.9289928108453751, 'epoch': 1.0204081632653061, 'step': 50}, {'loss': 0.3234, 'grad_norm': 0.18403193354606628, 'learning_rate': 5.829150026271871e-05, 'num_tokens': 1211058.0, 'mean_token_accuracy': 0.9437316119670868, 'epoch': 1.5306122448979593, 'step': 75}, {'eval_loss': 0.3124206066131592, 'eval_runtime': 65.2124, 'eval_samples_per_second': 3.006, 'eval_steps_per_second': 0.383, 'eval_num_tokens': 1580526.0, 'eval_mean_token_accuracy': 0.9465830183029175, 'epoch': 2.0, 'step': 98}, {'loss': 0.3024, 'grad_norm': 0.15836045145988464, 'learning_rate': 2.9229249349905684e-05, 'num_tokens': 1612624.0, 'mean_token_accuracy': 0.9465611428022385, 'epoch': 2.0408163265306123, 'step': 100}, {'loss': 0.2881, 'grad_norm': 0.19121704995632172, 'learning_rate': 7.305935398942598e-06, 'num_tokens': 2015349.0, 'mean_token_accuracy': 0.9491060674190521, 'epoch': 2.5510204081632653, 'step': 125}, {'eval_loss': 0.30939480662345886, 'eval_runtime': 65.3465, 'eval_samples_per_second': 2.999, 'eval_steps_per_second': 0.383, 'eval_num_tokens': 2370789.0, 'eval_mean_token_accuracy': 0.9463224029541015, 'epoch': 3.0, 'step': 147}, {'train_runtime': 1427.9675, 'train_samples_per_second': 1.647, 'train_steps_per_second': 0.103, 'total_flos': 4706988851888640.0, 'train_loss': 0.6577921335389014, 'num_tokens': 2370789.0, 'mean_token_accuracy': 0.9477663656527345, 'epoch': 3.0, 'step': 147}]
r 512
lora_alpha 256
lora_dropout 0.1
target_modules ['q_proj', 'k_proj', 'v_proj', 'o_proj']
Traceback (most recent call last):
  File "/home/hice1/ryoshida7/scratch/py10_vlm/lib/python3.10/site-packages/huggingface_hub/utils/_http.py", line 409, in hf_raise_for_status
    response.raise_for_status()
  File "/home/hice1/ryoshida7/scratch/py10_vlm/lib/python3.10/site-packages/requests/models.py", line 1024, in raise_for_status
    raise HTTPError(http_error_msg, response=self)
requests.exceptions.HTTPError: 401 Client Error: Unauthorized for url: https://huggingface.co/256M-instruct-comp-ti-21/final_model/resolve/main/adapter_config.json

The above exception was the direct cause of the following exception:

Traceback (most recent call last):
  File "/home/hice1/ryoshida7/scratch/py10_vlm/lib/python3.10/site-packages/transformers/utils/hub.py", line 424, in cached_files
    hf_hub_download(
  File "/home/hice1/ryoshida7/scratch/py10_vlm/lib/python3.10/site-packages/huggingface_hub/utils/_validators.py", line 114, in _inner_fn
    return fn(*args, **kwargs)
  File "/home/hice1/ryoshida7/scratch/py10_vlm/lib/python3.10/site-packages/huggingface_hub/file_download.py", line 961, in hf_hub_download
    return _hf_hub_download_to_cache_dir(
  File "/home/hice1/ryoshida7/scratch/py10_vlm/lib/python3.10/site-packages/huggingface_hub/file_download.py", line 1068, in _hf_hub_download_to_cache_dir
    _raise_on_head_call_error(head_call_error, force_download, local_files_only)
  File "/home/hice1/ryoshida7/scratch/py10_vlm/lib/python3.10/site-packages/huggingface_hub/file_download.py", line 1596, in _raise_on_head_call_error
    raise head_call_error
  File "/home/hice1/ryoshida7/scratch/py10_vlm/lib/python3.10/site-packages/huggingface_hub/file_download.py", line 1484, in _get_metadata_or_catch_error
    metadata = get_hf_file_metadata(
  File "/home/hice1/ryoshida7/scratch/py10_vlm/lib/python3.10/site-packages/huggingface_hub/utils/_validators.py", line 114, in _inner_fn
    return fn(*args, **kwargs)
  File "/home/hice1/ryoshida7/scratch/py10_vlm/lib/python3.10/site-packages/huggingface_hub/file_download.py", line 1401, in get_hf_file_metadata
    r = _request_wrapper(
  File "/home/hice1/ryoshida7/scratch/py10_vlm/lib/python3.10/site-packages/huggingface_hub/file_download.py", line 285, in _request_wrapper
    response = _request_wrapper(
  File "/home/hice1/ryoshida7/scratch/py10_vlm/lib/python3.10/site-packages/huggingface_hub/file_download.py", line 309, in _request_wrapper
    hf_raise_for_status(response)
  File "/home/hice1/ryoshida7/scratch/py10_vlm/lib/python3.10/site-packages/huggingface_hub/utils/_http.py", line 459, in hf_raise_for_status
    raise _format(RepositoryNotFoundError, message, response) from e
huggingface_hub.errors.RepositoryNotFoundError: 401 Client Error. (Request ID: Root=1-680e2479-473fd6f335711c5b64e5de8a;eecc8821-06db-483b-a1f3-cf514628fc07)

Repository Not Found for url: https://huggingface.co/256M-instruct-comp-ti-21/final_model/resolve/main/adapter_config.json.
Please make sure you specified the correct `repo_id` and `repo_type`.
If you are trying to access a private or gated repo, make sure you are authenticated. For more details, see https://huggingface.co/docs/huggingface_hub/authentication
Invalid username or password.

The above exception was the direct cause of the following exception:

Traceback (most recent call last):
  File "/storage/ice1/2/0/ryoshida7/vlm_inference.py", line 249, in <module>
    instance.main()
  File "/storage/ice1/2/0/ryoshida7/vlm_inference.py", line 238, in main
    self.prepare_eval()
  File "/storage/ice1/2/0/ryoshida7/vlm_inference.py", line 83, in prepare_eval
    model, processor = model_instance.get_model()
  File "/storage/ice1/2/0/ryoshida7/vlm_model.py", line 75, in get_model
    model.load_adapter(self.adapter_path)
  File "/home/hice1/ryoshida7/scratch/py10_vlm/lib/python3.10/site-packages/transformers/integrations/peft.py", line 200, in load_adapter
    adapter_config_file = find_adapter_config_file(
  File "/home/hice1/ryoshida7/scratch/py10_vlm/lib/python3.10/site-packages/transformers/utils/peft_utils.py", line 88, in find_adapter_config_file
    adapter_cached_filename = cached_file(
  File "/home/hice1/ryoshida7/scratch/py10_vlm/lib/python3.10/site-packages/transformers/utils/hub.py", line 266, in cached_file
    file = cached_files(path_or_repo_id=path_or_repo_id, filenames=[filename], **kwargs)
  File "/home/hice1/ryoshida7/scratch/py10_vlm/lib/python3.10/site-packages/transformers/utils/hub.py", line 456, in cached_files
    raise OSError(
OSError: 256M-instruct-comp-ti-21/final_model is not a local folder and is not a valid model identifier listed on 'https://huggingface.co/models'
If this is a private repository, make sure to pass a token having permission to this repo either by logging in with `huggingface-cli login` or by passing `token=<your_token>`
---------------------------------------
Begin Slurm Epilog: Apr-27-2025 08:35:06
Job ID:        2540199
User ID:       ryoshida7
Account:       coc
Job name:      256M-instruct-comp-ti-21-2
Resources:     cpu=1,gres/gpu:a100=1,mem=32G,node=1
Rsrc Used:     cput=00:24:41,vmem=0,walltime=00:24:41,mem=14522088K,energy_used=0
Partition:     coc-gpu
QOS:           coc-ice
Nodes:         atl1-1-01-005-13-0
---------------------------------------
